c:\users\robert smith\desktop\vsprojects\projects\voxel game project\voxel_rpg\debug\vc140.pdb
c:\users\robert smith\desktop\vsprojects\projects\voxel game project\voxel_rpg\debug\vc140.idb
c:\users\robert smith\desktop\vsprojects\projects\voxel game project\voxel_rpg\debug\arraytexture.obj
c:\users\robert smith\desktop\vsprojects\projects\voxel game project\voxel_rpg\debug\bufferdataloader.obj
c:\users\robert smith\desktop\vsprojects\projects\voxel game project\voxel_rpg\debug\display.obj
c:\users\robert smith\desktop\vsprojects\projects\voxel game project\voxel_rpg\debug\glcamera.obj
c:\users\robert smith\desktop\vsprojects\projects\voxel game project\voxel_rpg\debug\imageloader.obj
c:\users\robert smith\desktop\vsprojects\projects\voxel game project\voxel_rpg\debug\shader.obj
c:\users\robert smith\desktop\vsprojects\projects\voxel game project\voxel_rpg\debug\sprite.obj
c:\users\robert smith\desktop\vsprojects\projects\voxel game project\voxel_rpg\debug\staticinput.obj
c:\users\robert smith\desktop\vsprojects\projects\voxel game project\voxel_rpg\debug\main.obj
c:\users\robert smith\desktop\vsprojects\projects\voxel game project\voxel_rpg\debug\openglmemorytracker.obj
c:\users\robert smith\desktop\vsprojects\projects\voxel game project\voxel_rpg\debug\texture.obj
c:\users\robert smith\desktop\vsprojects\projects\voxel game project\voxel_rpg\debug\textureloader.obj
c:\users\robert smith\desktop\vsprojects\projects\voxel game project\voxel_rpg\debug\timer.obj
c:\users\robert smith\desktop\vsprojects\projects\voxel game project\debug\voxel_rpg.pdb
c:\users\robert smith\desktop\vsprojects\projects\voxel game project\voxel_rpg\debug\voxel_rpg.tlog\cl.command.1.tlog
c:\users\robert smith\desktop\vsprojects\projects\voxel game project\voxel_rpg\debug\voxel_rpg.tlog\cl.read.1.tlog
c:\users\robert smith\desktop\vsprojects\projects\voxel game project\voxel_rpg\debug\voxel_rpg.tlog\cl.write.1.tlog
c:\users\robert smith\desktop\vsprojects\projects\voxel game project\voxel_rpg\debug\voxel_rpg.tlog\link.command.1.tlog
c:\users\robert smith\desktop\vsprojects\projects\voxel game project\voxel_rpg\debug\voxel_rpg.tlog\link.read.1.tlog
c:\users\robert smith\desktop\vsprojects\projects\voxel game project\voxel_rpg\debug\voxel_rpg.tlog\link.write.1.tlog
